This is pdfTeX, Version 3.141592653-2.6-1.40.28 (TeX Live 2025) (preloaded format=pdflatex 2026.1.20)  31 JAN 2026 07:43
entering extended mode
 \write18 enabled.
 file:line:error style messages enabled.
 %&-line parsing enabled.
**Homeworks/LabVIEW3.tex
(./Homeworks/LabVIEW3.tex
LaTeX2e <2025-11-01>
L3 programming layer <2026-01-10>
(/home/runner/texlive/2025/texmf-dist/tex/latex/base/article.cls
Document Class: article 2025/01/22 v1.4n Standard LaTeX document class
(/home/runner/texlive/2025/texmf-dist/tex/latex/base/size11.clo
File: size11.clo 2025/01/22 v1.4n Standard LaTeX file (size option)
)
\c@part=\count275
\c@section=\count276
\c@subsection=\count277
\c@subsubsection=\count278
\c@paragraph=\count279
\c@subparagraph=\count280
\c@figure=\count281
\c@table=\count282
\abovecaptionskip=\skip49
\belowcaptionskip=\skip50
\bibindent=\dimen148
) (./header.tex (/home/runner/texlive/2025/texmf-dist/tex/latex/geometry/geomet
ry.sty
Package: geometry 2020/01/02 v5.9 Page Geometry

(/home/runner/texlive/2025/texmf-dist/tex/latex/graphics/keyval.sty
Package: keyval 2022/05/29 v1.15 key=value parser (DPC)
\KV@toks@=\toks17
)
(/home/runner/texlive/2025/texmf-dist/tex/generic/iftex/ifvtex.sty
Package: ifvtex 2019/10/25 v1.7 ifvtex legacy package. Use iftex instead.

(/home/runner/texlive/2025/texmf-dist/tex/generic/iftex/iftex.sty
Package: iftex 2024/12/12 v1.0g TeX engine tests
))
\Gm@cnth=\count283
\Gm@cntv=\count284
\c@Gm@tempcnt=\count285
\Gm@bindingoffset=\dimen149
\Gm@wd@mp=\dimen150
\Gm@odd@mp=\dimen151
\Gm@even@mp=\dimen152
\Gm@layoutwidth=\dimen153
\Gm@layoutheight=\dimen154
\Gm@layouthoffset=\dimen155
\Gm@layoutvoffset=\dimen156
\Gm@dimlist=\toks18
)
(/home/runner/texlive/2025/texmf-dist/tex/latex/tcolorbox/tcolorbox.sty
Package: tcolorbox 2025/11/28 version 6.9.0 text color boxes

(/home/runner/texlive/2025/texmf-dist/tex/latex/pgf/frontendlayer/tikz.sty
(/home/runner/texlive/2025/texmf-dist/tex/latex/pgf/basiclayer/pgf.sty
(/home/runner/texlive/2025/texmf-dist/tex/latex/pgf/utilities/pgfrcs.sty
(/home/runner/texlive/2025/texmf-dist/tex/generic/pgf/utilities/pgfutil-common.
tex
\pgfutil@everybye=\toks19
\pgfutil@tempdima=\dimen157
\pgfutil@tempdimb=\dimen158
)
(/home/runner/texlive/2025/texmf-dist/tex/generic/pgf/utilities/pgfutil-latex.d
ef
\pgfutil@abb=\box53
)
(/home/runner/texlive/2025/texmf-dist/tex/generic/pgf/utilities/pgfrcs.code.tex
(/home/runner/texlive/2025/texmf-dist/tex/generic/pgf/pgf.revision.tex)
Package: pgfrcs 2025-08-29 v3.1.11a (3.1.11a)
))
Package: pgf 2025-08-29 v3.1.11a (3.1.11a)

(/home/runner/texlive/2025/texmf-dist/tex/latex/pgf/basiclayer/pgfcore.sty
(/home/runner/texlive/2025/texmf-dist/tex/latex/graphics/graphicx.sty
Package: graphicx 2024/12/31 v1.2e Enhanced LaTeX Graphics (DPC,SPQR)

(/home/runner/texlive/2025/texmf-dist/tex/latex/graphics/graphics.sty
Package: graphics 2024/08/06 v1.4g Standard LaTeX Graphics (DPC,SPQR)

(/home/runner/texlive/2025/texmf-dist/tex/latex/graphics/trig.sty
Package: trig 2023/12/02 v1.11 sin cos tan (DPC)
)
(/home/runner/texlive/2025/texmf-dist/tex/latex/graphics-cfg/graphics.cfg
File: graphics.cfg 2016/06/04 v1.11 sample graphics configuration
)
Package graphics Info: Driver file: pdftex.def on input line 106.

(/home/runner/texlive/2025/texmf-dist/tex/latex/graphics-def/pdftex.def
File: pdftex.def 2025/09/29 v1.2d Graphics/color driver for pdftex
))
\Gin@req@height=\dimen159
\Gin@req@width=\dimen160
)
(/home/runner/texlive/2025/texmf-dist/tex/latex/pgf/systemlayer/pgfsys.sty
(/home/runner/texlive/2025/texmf-dist/tex/generic/pgf/systemlayer/pgfsys.code.t
ex
Package: pgfsys 2025-08-29 v3.1.11a (3.1.11a)

(/home/runner/texlive/2025/texmf-dist/tex/generic/pgf/utilities/pgfkeys.code.te
x
\pgfkeys@pathtoks=\toks20
\pgfkeys@temptoks=\toks21

(/home/runner/texlive/2025/texmf-dist/tex/generic/pgf/utilities/pgfkeyslibraryf
iltered.code.tex
\pgfkeys@tmptoks=\toks22
))
\pgf@x=\dimen161
\pgf@y=\dimen162
\pgf@xa=\dimen163
\pgf@ya=\dimen164
\pgf@xb=\dimen165
\pgf@yb=\dimen166
\pgf@xc=\dimen167
\pgf@yc=\dimen168
\pgf@xd=\dimen169
\pgf@yd=\dimen170
\w@pgf@writea=\write3
\r@pgf@reada=\read2
\c@pgf@counta=\count286
\c@pgf@countb=\count287
\c@pgf@countc=\count288
\c@pgf@countd=\count289
\t@pgf@toka=\toks23
\t@pgf@tokb=\toks24
\t@pgf@tokc=\toks25
\pgf@sys@id@count=\count290

(/home/runner/texlive/2025/texmf-dist/tex/generic/pgf/systemlayer/pgf.cfg
File: pgf.cfg 2025-08-29 v3.1.11a (3.1.11a)
)
Driver file for pgf: pgfsys-pdftex.def

(/home/runner/texlive/2025/texmf-dist/tex/generic/pgf/systemlayer/pgfsys-pdftex
.def
File: pgfsys-pdftex.def 2025-08-29 v3.1.11a (3.1.11a)

(/home/runner/texlive/2025/texmf-dist/tex/generic/pgf/systemlayer/pgfsys-common
-pdf.def
File: pgfsys-common-pdf.def 2025-08-29 v3.1.11a (3.1.11a)
)))
(/home/runner/texlive/2025/texmf-dist/tex/generic/pgf/systemlayer/pgfsyssoftpat
h.code.tex
File: pgfsyssoftpath.code.tex 2025-08-29 v3.1.11a (3.1.11a)
\pgfsyssoftpath@smallbuffer@items=\count291
\pgfsyssoftpath@bigbuffer@items=\count292
)
(/home/runner/texlive/2025/texmf-dist/tex/generic/pgf/systemlayer/pgfsysprotoco
l.code.tex
File: pgfsysprotocol.code.tex 2025-08-29 v3.1.11a (3.1.11a)
)) (/home/runner/texlive/2025/texmf-dist/tex/latex/xcolor/xcolor.sty
Package: xcolor 2024/09/29 v3.02 LaTeX color extensions (UK)

(/home/runner/texlive/2025/texmf-dist/tex/latex/graphics-cfg/color.cfg
File: color.cfg 2016/01/02 v1.6 sample color configuration
)
Package xcolor Info: Driver file: pdftex.def on input line 274.

(/home/runner/texlive/2025/texmf-dist/tex/latex/graphics/mathcolor.ltx)
Package xcolor Info: Model `cmy' substituted by `cmy0' on input line 1349.
Package xcolor Info: Model `hsb' substituted by `rgb' on input line 1353.
Package xcolor Info: Model `RGB' extended on input line 1365.
Package xcolor Info: Model `HTML' substituted by `rgb' on input line 1367.
Package xcolor Info: Model `Hsb' substituted by `hsb' on input line 1368.
Package xcolor Info: Model `tHsb' substituted by `hsb' on input line 1369.
Package xcolor Info: Model `HSB' substituted by `hsb' on input line 1370.
Package xcolor Info: Model `Gray' substituted by `gray' on input line 1371.
Package xcolor Info: Model `wave' substituted by `hsb' on input line 1372.
)
(/home/runner/texlive/2025/texmf-dist/tex/generic/pgf/basiclayer/pgfcore.code.t
ex
Package: pgfcore 2025-08-29 v3.1.11a (3.1.11a)
 (/home/runner/texlive/2025/texmf-dist/tex/generic/pgf/math/pgfmath.code.tex
(/home/runner/texlive/2025/texmf-dist/tex/generic/pgf/math/pgfmathutil.code.tex
)
(/home/runner/texlive/2025/texmf-dist/tex/generic/pgf/math/pgfmathparser.code.t
ex
\pgfmath@dimen=\dimen171
\pgfmath@count=\count293
\pgfmath@box=\box54
\pgfmath@toks=\toks26
\pgfmath@stack@operand=\toks27
\pgfmath@stack@operation=\toks28
)
(/home/runner/texlive/2025/texmf-dist/tex/generic/pgf/math/pgfmathfunctions.cod
e.tex)
(/home/runner/texlive/2025/texmf-dist/tex/generic/pgf/math/pgfmathfunctions.bas
ic.code.tex)
(/home/runner/texlive/2025/texmf-dist/tex/generic/pgf/math/pgfmathfunctions.tri
gonometric.code.tex)
(/home/runner/texlive/2025/texmf-dist/tex/generic/pgf/math/pgfmathfunctions.ran
dom.code.tex)
(/home/runner/texlive/2025/texmf-dist/tex/generic/pgf/math/pgfmathfunctions.com
parison.code.tex)
(/home/runner/texlive/2025/texmf-dist/tex/generic/pgf/math/pgfmathfunctions.bas
e.code.tex)
(/home/runner/texlive/2025/texmf-dist/tex/generic/pgf/math/pgfmathfunctions.rou
nd.code.tex)
(/home/runner/texlive/2025/texmf-dist/tex/generic/pgf/math/pgfmathfunctions.mis
c.code.tex)
(/home/runner/texlive/2025/texmf-dist/tex/generic/pgf/math/pgfmathfunctions.int
egerarithmetics.code.tex)
(/home/runner/texlive/2025/texmf-dist/tex/generic/pgf/math/pgfmathcalc.code.tex
)
(/home/runner/texlive/2025/texmf-dist/tex/generic/pgf/math/pgfmathfloat.code.te
x
\c@pgfmathroundto@lastzeros=\count294
)) (/home/runner/texlive/2025/texmf-dist/tex/generic/pgf/math/pgfint.code.tex)
(/home/runner/texlive/2025/texmf-dist/tex/generic/pgf/basiclayer/pgfcorepoints.
code.tex
File: pgfcorepoints.code.tex 2025-08-29 v3.1.11a (3.1.11a)
\pgf@picminx=\dimen172
\pgf@picmaxx=\dimen173
\pgf@picminy=\dimen174
\pgf@picmaxy=\dimen175
\pgf@pathminx=\dimen176
\pgf@pathmaxx=\dimen177
\pgf@pathminy=\dimen178
\pgf@pathmaxy=\dimen179
\pgf@xx=\dimen180
\pgf@xy=\dimen181
\pgf@yx=\dimen182
\pgf@yy=\dimen183
\pgf@zx=\dimen184
\pgf@zy=\dimen185
)
(/home/runner/texlive/2025/texmf-dist/tex/generic/pgf/basiclayer/pgfcorepathcon
struct.code.tex
File: pgfcorepathconstruct.code.tex 2025-08-29 v3.1.11a (3.1.11a)
\pgf@path@lastx=\dimen186
\pgf@path@lasty=\dimen187
)
(/home/runner/texlive/2025/texmf-dist/tex/generic/pgf/basiclayer/pgfcorepathusa
ge.code.tex
File: pgfcorepathusage.code.tex 2025-08-29 v3.1.11a (3.1.11a)
\pgf@shorten@end@additional=\dimen188
\pgf@shorten@start@additional=\dimen189
)
(/home/runner/texlive/2025/texmf-dist/tex/generic/pgf/basiclayer/pgfcorescopes.
code.tex
File: pgfcorescopes.code.tex 2025-08-29 v3.1.11a (3.1.11a)
\pgfpic=\box55
\pgf@hbox=\box56
\pgf@layerbox@main=\box57
\pgf@picture@serial@count=\count295
)
(/home/runner/texlive/2025/texmf-dist/tex/generic/pgf/basiclayer/pgfcoregraphic
state.code.tex
File: pgfcoregraphicstate.code.tex 2025-08-29 v3.1.11a (3.1.11a)
\pgflinewidth=\dimen190
)
(/home/runner/texlive/2025/texmf-dist/tex/generic/pgf/basiclayer/pgfcoretransfo
rmations.code.tex
File: pgfcoretransformations.code.tex 2025-08-29 v3.1.11a (3.1.11a)
\pgf@pt@x=\dimen191
\pgf@pt@y=\dimen192
\pgf@pt@temp=\dimen193
)
(/home/runner/texlive/2025/texmf-dist/tex/generic/pgf/basiclayer/pgfcorequick.c
ode.tex
File: pgfcorequick.code.tex 2025-08-29 v3.1.11a (3.1.11a)
)
(/home/runner/texlive/2025/texmf-dist/tex/generic/pgf/basiclayer/pgfcoreobjects
.code.tex
File: pgfcoreobjects.code.tex 2025-08-29 v3.1.11a (3.1.11a)
)
(/home/runner/texlive/2025/texmf-dist/tex/generic/pgf/basiclayer/pgfcorepathpro
cessing.code.tex
File: pgfcorepathprocessing.code.tex 2025-08-29 v3.1.11a (3.1.11a)
)
(/home/runner/texlive/2025/texmf-dist/tex/generic/pgf/basiclayer/pgfcorearrows.
code.tex
File: pgfcorearrows.code.tex 2025-08-29 v3.1.11a (3.1.11a)
\pgfarrowsep=\dimen194
)
(/home/runner/texlive/2025/texmf-dist/tex/generic/pgf/basiclayer/pgfcoreshade.c
ode.tex
File: pgfcoreshade.code.tex 2025-08-29 v3.1.11a (3.1.11a)
\pgf@max=\dimen195
\pgf@sys@shading@range@num=\count296
\pgf@shadingcount=\count297
)
(/home/runner/texlive/2025/texmf-dist/tex/generic/pgf/basiclayer/pgfcoreimage.c
ode.tex
File: pgfcoreimage.code.tex 2025-08-29 v3.1.11a (3.1.11a)
)
(/home/runner/texlive/2025/texmf-dist/tex/generic/pgf/basiclayer/pgfcoreexterna
l.code.tex
File: pgfcoreexternal.code.tex 2025-08-29 v3.1.11a (3.1.11a)
\pgfexternal@startupbox=\box58
)
(/home/runner/texlive/2025/texmf-dist/tex/generic/pgf/basiclayer/pgfcorelayers.
code.tex
File: pgfcorelayers.code.tex 2025-08-29 v3.1.11a (3.1.11a)
)
(/home/runner/texlive/2025/texmf-dist/tex/generic/pgf/basiclayer/pgfcoretranspa
rency.code.tex
File: pgfcoretransparency.code.tex 2025-08-29 v3.1.11a (3.1.11a)
)
(/home/runner/texlive/2025/texmf-dist/tex/generic/pgf/basiclayer/pgfcorepattern
s.code.tex
File: pgfcorepatterns.code.tex 2025-08-29 v3.1.11a (3.1.11a)
)
(/home/runner/texlive/2025/texmf-dist/tex/generic/pgf/basiclayer/pgfcorerdf.cod
e.tex
File: pgfcorerdf.code.tex 2025-08-29 v3.1.11a (3.1.11a)
)))
(/home/runner/texlive/2025/texmf-dist/tex/generic/pgf/modules/pgfmoduleshapes.c
ode.tex
File: pgfmoduleshapes.code.tex 2025-08-29 v3.1.11a (3.1.11a)
\pgfnodeparttextbox=\box59
)
(/home/runner/texlive/2025/texmf-dist/tex/generic/pgf/modules/pgfmoduleplot.cod
e.tex
File: pgfmoduleplot.code.tex 2025-08-29 v3.1.11a (3.1.11a)
)
(/home/runner/texlive/2025/texmf-dist/tex/latex/pgf/compatibility/pgfcomp-versi
on-0-65.sty
Package: pgfcomp-version-0-65 2025-08-29 v3.1.11a (3.1.11a)
\pgf@nodesepstart=\dimen196
\pgf@nodesepend=\dimen197
)
(/home/runner/texlive/2025/texmf-dist/tex/latex/pgf/compatibility/pgfcomp-versi
on-1-18.sty
Package: pgfcomp-version-1-18 2025-08-29 v3.1.11a (3.1.11a)
))
(/home/runner/texlive/2025/texmf-dist/tex/latex/pgf/utilities/pgffor.sty
(/home/runner/texlive/2025/texmf-dist/tex/latex/pgf/utilities/pgfkeys.sty
(/home/runner/texlive/2025/texmf-dist/tex/generic/pgf/utilities/pgfkeys.code.te
x)) (/home/runner/texlive/2025/texmf-dist/tex/latex/pgf/math/pgfmath.sty
(/home/runner/texlive/2025/texmf-dist/tex/generic/pgf/math/pgfmath.code.tex))
(/home/runner/texlive/2025/texmf-dist/tex/generic/pgf/utilities/pgffor.code.tex
Package: pgffor 2025-08-29 v3.1.11a (3.1.11a)
\pgffor@iter=\dimen198
\pgffor@skip=\dimen199
\pgffor@stack=\toks29
\pgffor@toks=\toks30
))
(/home/runner/texlive/2025/texmf-dist/tex/generic/pgf/frontendlayer/tikz/tikz.c
ode.tex
Package: tikz 2025-08-29 v3.1.11a (3.1.11a)

(/home/runner/texlive/2025/texmf-dist/tex/generic/pgf/libraries/pgflibraryploth
andlers.code.tex
File: pgflibraryplothandlers.code.tex 2025-08-29 v3.1.11a (3.1.11a)
\pgf@plot@mark@count=\count298
\pgfplotmarksize=\dimen256
)
\tikz@lastx=\dimen257
\tikz@lasty=\dimen258
\tikz@lastxsaved=\dimen259
\tikz@lastysaved=\dimen260
\tikz@lastmovetox=\dimen261
\tikz@lastmovetoy=\dimen262
\tikzleveldistance=\dimen263
\tikzsiblingdistance=\dimen264
\tikz@figbox=\box60
\tikz@figbox@bg=\box61
\tikz@tempbox=\box62
\tikz@tempbox@bg=\box63
\tikztreelevel=\count299
\tikznumberofchildren=\count300
\tikznumberofcurrentchild=\count301
\tikz@fig@count=\count302

(/home/runner/texlive/2025/texmf-dist/tex/generic/pgf/modules/pgfmodulematrix.c
ode.tex
File: pgfmodulematrix.code.tex 2025-08-29 v3.1.11a (3.1.11a)
\pgfmatrixcurrentrow=\count303
\pgfmatrixcurrentcolumn=\count304
\pgf@matrix@numberofcolumns=\count305
)
\tikz@expandcount=\count306

(/home/runner/texlive/2025/texmf-dist/tex/generic/pgf/frontendlayer/tikz/librar
ies/tikzlibrarytopaths.code.tex
File: tikzlibrarytopaths.code.tex 2025-08-29 v3.1.11a (3.1.11a)
)))
(/home/runner/texlive/2025/texmf-dist/tex/latex/tools/verbatim.sty
Package: verbatim 2024-01-22 v1.5x LaTeX2e package for verbatim enhancements
\every@verbatim=\toks31
\verbatim@line=\toks32
\verbatim@in@stream=\read3
)
(/home/runner/texlive/2025/texmf-dist/tex/latex/environ/environ.sty
Package: environ 2014/05/04 v0.3 A new way to define environments

(/home/runner/texlive/2025/texmf-dist/tex/latex/trimspaces/trimspaces.sty
Package: trimspaces 2009/09/17 v1.1 Trim spaces around a token list
)
\@envbody=\toks33
)
(/home/runner/texlive/2025/texmf-dist/tex/latex/etoolbox/etoolbox.sty
Package: etoolbox 2025/10/02 v2.5m e-TeX tools for LaTeX (JAW)
\etb@tempcnta=\count307
)
\tcb@titlebox=\box64
\tcb@upperbox=\box65
\tcb@lowerbox=\box66
\tcb@phantombox=\box67
\c@tcbbreakpart=\count308
\c@tcblayer=\count309
\c@tcolorbox@number=\count310
\l__tcobox_tmpa_box=\box68
\l__tcobox_tmpa_dim=\dimen265
\tcb@temp=\box69
\tcb@temp=\box70
\tcb@temp=\box71
\tcb@temp=\box72

(/home/runner/texlive/2025/texmf-dist/tex/latex/tcolorbox/tcbraster.code.tex
Library (tcolorbox): 'tcbraster.code.tex' version '6.9.0'
\c@tcbrastercolumn=\count311
\c@tcbrasterrow=\count312
\c@tcbrasternum=\count313
\c@tcbraster=\count314
) (/home/runner/texlive/2025/texmf-dist/tex/latex/tcolorbox/tcbskins.code.tex
Library (tcolorbox): 'tcbskins.code.tex' version '6.9.0'
(/home/runner/texlive/2025/texmf-dist/tex/latex/tikzfill/tikzfill.image.sty
Package: tikzfill.image 2023/08/08 v1.0.1 Image filling library for TikZ

(/home/runner/texlive/2025/texmf-dist/tex/latex/tikzfill/tikzfill-common.sty
Package: tikzfill-common 2023/08/08 v1.0.1 Auxiliary code for tikzfill
)
(/home/runner/texlive/2025/texmf-dist/tex/latex/tikzfill/tikzlibraryfill.image.
code.tex
File: tikzlibraryfill.image.code.tex 2023/08/08 v1.0.1 Image filling library
\l__tikzfill_img_box=\box73
))
(/home/runner/texlive/2025/texmf-dist/tex/latex/tcolorbox/tcbskinsjigsaw.code.t
ex
Library (tcolorbox): 'tcbskinsjigsaw.code.tex' version '6.9.0'
))
(/home/runner/texlive/2025/texmf-dist/tex/latex/tcolorbox/tcbbreakable.code.tex
Library (tcolorbox): 'tcbbreakable.code.tex' version '6.9.0'
(/home/runner/texlive/2025/texmf-dist/tex/latex/pdfcol/pdfcol.sty
Package: pdfcol 2022-09-21 v1.7 Handle new color stacks for pdfTeX (HO)

(/home/runner/texlive/2025/texmf-dist/tex/generic/ltxcmds/ltxcmds.sty
Package: ltxcmds 2023-12-04 v1.26 LaTeX kernel commands for general use (HO)
)
(/home/runner/texlive/2025/texmf-dist/tex/generic/infwarerr/infwarerr.sty
Package: infwarerr 2019/12/03 v1.5 Providing info/warning/error messages (HO)
))
Package pdfcol Info: New color stack `tcb@breakable' = 1 on input line 23.
\tcb@testbox=\box74
\tcb@totalupperbox=\box75
\tcb@totallowerbox=\box76
)
(/home/runner/texlive/2025/texmf-dist/tex/latex/tcolorbox/tcbhooks.code.tex
Library (tcolorbox): 'tcbhooks.code.tex' version '6.9.0'
)
(/home/runner/texlive/2025/texmf-dist/tex/latex/tcolorbox/tcbtheorems.code.tex
Library (tcolorbox): 'tcbtheorems.code.tex' version '6.9.0'
(/home/runner/texlive/2025/texmf-dist/tex/latex/amsmath/amsmath.sty
Package: amsmath 2025/07/09 v2.17z AMS math features
\@mathmargin=\skip51

For additional information on amsmath, use the `?' option.
(/home/runner/texlive/2025/texmf-dist/tex/latex/amsmath/amstext.sty
Package: amstext 2024/11/17 v2.01 AMS text

(/home/runner/texlive/2025/texmf-dist/tex/latex/amsmath/amsgen.sty
File: amsgen.sty 1999/11/30 v2.0 generic functions
\@emptytoks=\toks34
\ex@=\dimen266
))
(/home/runner/texlive/2025/texmf-dist/tex/latex/amsmath/amsbsy.sty
Package: amsbsy 1999/11/29 v1.2d Bold Symbols
\pmbraise@=\dimen267
)
(/home/runner/texlive/2025/texmf-dist/tex/latex/amsmath/amsopn.sty
Package: amsopn 2022/04/08 v2.04 operator names
)
\inf@bad=\count315
LaTeX Info: Redefining \frac on input line 233.
\uproot@=\count316
\leftroot@=\count317
LaTeX Info: Redefining \overline on input line 398.
LaTeX Info: Redefining \colon on input line 409.
\classnum@=\count318
\DOTSCASE@=\count319
LaTeX Info: Redefining \ldots on input line 495.
LaTeX Info: Redefining \dots on input line 498.
LaTeX Info: Redefining \cdots on input line 619.
\Mathstrutbox@=\box77
\strutbox@=\box78
LaTeX Info: Redefining \big on input line 721.
LaTeX Info: Redefining \Big on input line 722.
LaTeX Info: Redefining \bigg on input line 723.
LaTeX Info: Redefining \Bigg on input line 724.
\big@size=\dimen268
LaTeX Font Info:    Redeclaring font encoding OML on input line 742.
LaTeX Font Info:    Redeclaring font encoding OMS on input line 743.
\macc@depth=\count320
LaTeX Info: Redefining \bmod on input line 904.
LaTeX Info: Redefining \pmod on input line 909.
LaTeX Info: Redefining \smash on input line 939.
LaTeX Info: Redefining \relbar on input line 969.
LaTeX Info: Redefining \Relbar on input line 970.
\c@MaxMatrixCols=\count321
\dotsspace@=\muskip17
\c@parentequation=\count322
\dspbrk@lvl=\count323
\tag@help=\toks35
\row@=\count324
\column@=\count325
\maxfields@=\count326
\andhelp@=\toks36
\eqnshift@=\dimen269
\alignsep@=\dimen270
\tagshift@=\dimen271
\tagwidth@=\dimen272
\totwidth@=\dimen273
\lineht@=\dimen274
\@envbody=\toks37
\multlinegap=\skip52
\multlinetaggap=\skip53
\mathdisplay@stack=\toks38
LaTeX Info: Redefining \[ on input line 2950.
LaTeX Info: Redefining \] on input line 2951.
))
(/home/runner/texlive/2025/texmf-dist/tex/latex/tcolorbox/tcbfitting.code.tex
Library (tcolorbox): 'tcbfitting.code.tex' version '6.9.0'
\tcbfitdim=\dimen275
\tcb@lowerfitdim=\dimen276
\tcb@upperfitdim=\dimen277
\tcb@cur@hbadness=\count327
)
(/home/runner/texlive/2025/texmf-dist/tex/latex/tcolorbox/tcblistingsutf8.code.
tex
Library (tcolorbox): 'tcblistingsutf8.code.tex' version '6.9.0'
(/home/runner/texlive/2025/texmf-dist/tex/latex/tcolorbox/tcblistings.code.tex
Library (tcolorbox): 'tcblistings.code.tex' version '6.9.0'
(/home/runner/texlive/2025/texmf-dist/tex/latex/listings/listings.sty
\lst@mode=\count328
\lst@gtempboxa=\box79
\lst@token=\toks39
\lst@length=\count329
\lst@currlwidth=\dimen278
\lst@column=\count330
\lst@pos=\count331
\lst@lostspace=\dimen279
\lst@width=\dimen280
\lst@newlines=\count332
\lst@lineno=\count333
\lst@maxwidth=\dimen281

(/home/runner/texlive/2025/texmf-dist/tex/latex/listings/lstpatch.sty
File: lstpatch.sty 2025/11/14 1.11b (Carsten Heinz)
)
(/home/runner/texlive/2025/texmf-dist/tex/latex/listings/lstmisc.sty
File: lstmisc.sty 2025/11/14 1.11b (Carsten Heinz)
\c@lstnumber=\count334
\lst@skipnumbers=\count335
\lst@framebox=\box80
)
(/home/runner/texlive/2025/texmf-dist/tex/latex/listings/listings.cfg
File: listings.cfg 2025/11/14 1.11b listings configuration
))
Package: listings 2025/11/14 1.11b (Carsten Heinz)

==> First Aid for listings.sty no longer applied!
    Expected:
        2024/09/23 1.10c (Carsten Heinz)
    but found:
        2025/11/14 1.11b (Carsten Heinz)
    so I'm assuming it got fixed.

(/home/runner/texlive/2025/texmf-dist/tex/latex/tcolorbox/tcblistingscore.code.
tex
Library (tcolorbox): 'tcblistingscore.code.tex' version '6.9.0'

(/home/runner/texlive/2025/texmf-dist/tex/latex/tcolorbox/tcbprocessing.code.te
x
Library (tcolorbox): 'tcbprocessing.code.tex' version '6.9.0'
)
\c@tcblisting=\count336
))
(/home/runner/texlive/2025/texmf-dist/tex/latex/listingsutf8/listingsutf8.sty
Package: listingsutf8 2019-12-10 v1.5 Allow UTF-8 in listings input (HO)

(/home/runner/texlive/2025/texmf-dist/tex/generic/pdftexcmds/pdftexcmds.sty
Package: pdftexcmds 2020-06-27 v0.33 Utility functions of pdfTeX for LuaTeX (HO
)
Package pdftexcmds Info: \pdf@primitive is available.
Package pdftexcmds Info: \pdf@ifprimitive is available.
Package pdftexcmds Info: \pdfdraftmode found.
)
(/home/runner/texlive/2025/texmf-dist/tex/generic/stringenc/stringenc.sty
Package: stringenc 2019/11/29 v1.12 Convert strings between diff. encodings (HO
)

(/home/runner/texlive/2025/texmf-dist/tex/generic/pdfescape/pdfescape.sty
Package: pdfescape 2019/12/09 v1.15 Implements pdfTeX's escape features (HO)
))))
(/home/runner/texlive/2025/texmf-dist/tex/latex/tcolorbox/tcbexternal.code.tex
Library (tcolorbox): 'tcbexternal.code.tex' version '6.9.0'
)
(/home/runner/texlive/2025/texmf-dist/tex/latex/tcolorbox/tcbmagazine.code.tex
Library (tcolorbox): 'tcbmagazine.code.tex' version '6.9.0'
)
(/home/runner/texlive/2025/texmf-dist/tex/latex/tcolorbox/tcbvignette.code.tex
Library (tcolorbox): 'tcbvignette.code.tex' version '6.9.0'

(/home/runner/texlive/2025/texmf-dist/tex/generic/pgf/frontendlayer/tikz/librar
ies/tikzlibraryfadings.code.tex
File: tikzlibraryfadings.code.tex 2025-08-29 v3.1.11a (3.1.11a)

(/home/runner/texlive/2025/texmf-dist/tex/generic/pgf/libraries/pgflibraryfadin
gs.code.tex
File: pgflibraryfadings.code.tex 2025-08-29 v3.1.11a (3.1.11a)
)))
(/home/runner/texlive/2025/texmf-dist/tex/latex/tcolorbox/tcbposter.code.tex
Library (tcolorbox): 'tcbposter.code.tex' version '6.9.0'
)) (/home/runner/texlive/2025/texmf-dist/tex/latex/booktabs/booktabs.sty
Package: booktabs 2020/01/12 v1.61803398 Publication quality tables
\heavyrulewidth=\dimen282
\lightrulewidth=\dimen283
\cmidrulewidth=\dimen284
\belowrulesep=\dimen285
\belowbottomsep=\dimen286
\aboverulesep=\dimen287
\abovetopsep=\dimen288
\cmidrulesep=\dimen289
\cmidrulekern=\dimen290
\defaultaddspace=\dimen291
\@cmidla=\count337
\@cmidlb=\count338
\@aboverulesep=\dimen292
\@belowrulesep=\dimen293
\@thisruleclass=\count339
\@lastruleclass=\count340
\@thisrulewidth=\dimen294
)
(/home/runner/texlive/2025/texmf-dist/tex/latex/fancyhdr/fancyhdr.sty
Package: fancyhdr 2025/02/07 v5.2 Extensive control of page headers and footers

\f@nch@headwidth=\skip54
\f@nch@offset@elh=\skip55
\f@nch@offset@erh=\skip56
\f@nch@offset@olh=\skip57
\f@nch@offset@orh=\skip58
\f@nch@offset@elf=\skip59
\f@nch@offset@erf=\skip60
\f@nch@offset@olf=\skip61
\f@nch@offset@orf=\skip62
\f@nch@height=\skip63
\f@nch@footalignment=\skip64
\f@nch@widthL=\skip65
\f@nch@widthC=\skip66
\f@nch@widthR=\skip67
\@temptokenb=\toks40
)
(/home/runner/texlive/2025/texmf-dist/tex/latex/hyperref/hyperref.sty
Package: hyperref 2025-07-12 v7.01o Hypertext links for LaTeX

(/home/runner/texlive/2025/texmf-dist/tex/latex/kvsetkeys/kvsetkeys.sty
Package: kvsetkeys 2022-10-05 v1.19 Key value parser (HO)
)
(/home/runner/texlive/2025/texmf-dist/tex/generic/kvdefinekeys/kvdefinekeys.sty
Package: kvdefinekeys 2019-12-19 v1.6 Define keys (HO)
) (/home/runner/texlive/2025/texmf-dist/tex/latex/hycolor/hycolor.sty
Package: hycolor 2020-01-27 v1.10 Color options for hyperref/bookmark (HO)
)
(/home/runner/texlive/2025/texmf-dist/tex/latex/hyperref/nameref.sty
Package: nameref 2025-06-21 v2.57 Cross-referencing by name of section

(/home/runner/texlive/2025/texmf-dist/tex/latex/refcount/refcount.sty
Package: refcount 2019/12/15 v3.6 Data extraction from label references (HO)
)
(/home/runner/texlive/2025/texmf-dist/tex/generic/gettitlestring/gettitlestring
.sty
Package: gettitlestring 2019/12/15 v1.6 Cleanup title references (HO)
 (/home/runner/texlive/2025/texmf-dist/tex/latex/kvoptions/kvoptions.sty
Package: kvoptions 2022-06-15 v3.15 Key value format for package options (HO)
))
\c@section@level=\count341
)
\@linkdim=\dimen295
\Hy@linkcounter=\count342
\Hy@pagecounter=\count343
(/home/runner/texlive/2025/texmf-dist/tex/latex/hyperref/pd1enc.def
File: pd1enc.def 2025-07-12 v7.01o Hyperref: PDFDocEncoding definition (HO)
Now handling font encoding PD1 ...
... no UTF-8 mapping file for font encoding PD1
)
(/home/runner/texlive/2025/texmf-dist/tex/generic/intcalc/intcalc.sty
Package: intcalc 2019/12/15 v1.3 Expandable calculations with integers (HO)
)
\Hy@SavedSpaceFactor=\count344

(/home/runner/texlive/2025/texmf-dist/tex/latex/hyperref/puenc.def
File: puenc.def 2025-07-12 v7.01o Hyperref: PDF Unicode definition (HO)
Now handling font encoding PU ...
... no UTF-8 mapping file for font encoding PU
)
Package hyperref Info: Option `colorlinks' set `true' on input line 4066.
Package hyperref Info: Hyper figures OFF on input line 4195.
Package hyperref Info: Link nesting OFF on input line 4200.
Package hyperref Info: Hyper index ON on input line 4203.
Package hyperref Info: Plain pages OFF on input line 4210.
Package hyperref Info: Backreferencing OFF on input line 4215.
Package hyperref Info: Implicit mode ON; LaTeX internals redefined.
Package hyperref Info: Bookmarks ON on input line 4462.
\c@Hy@tempcnt=\count345

(/home/runner/texlive/2025/texmf-dist/tex/latex/url/url.sty
\Urlmuskip=\muskip18
Package: url 2013/09/16  ver 3.4  Verb mode for urls, etc.
)
LaTeX Info: Redefining \url on input line 4801.
\XeTeXLinkMargin=\dimen296

(/home/runner/texlive/2025/texmf-dist/tex/generic/bitset/bitset.sty
Package: bitset 2019/12/09 v1.3 Handle bit-vector datatype (HO)

(/home/runner/texlive/2025/texmf-dist/tex/generic/bigintcalc/bigintcalc.sty
Package: bigintcalc 2019/12/15 v1.5 Expandable calculations on big integers (HO
)
))
\Fld@menulength=\count346
\Field@Width=\dimen297
\Fld@charsize=\dimen298
Package hyperref Info: Hyper figures OFF on input line 6078.
Package hyperref Info: Link nesting OFF on input line 6083.
Package hyperref Info: Hyper index ON on input line 6086.
Package hyperref Info: backreferencing OFF on input line 6093.
Package hyperref Info: Link coloring ON on input line 6096.
Package hyperref Info: Link coloring with OCG OFF on input line 6103.
Package hyperref Info: PDF/A mode OFF on input line 6108.
\Hy@abspage=\count347
\c@Item=\count348
\c@Hfootnote=\count349
)
Package hyperref Info: Driver (autodetected): hpdftex.

(/home/runner/texlive/2025/texmf-dist/tex/latex/hyperref/hpdftex.def
File: hpdftex.def 2025-07-12 v7.01o Hyperref driver for pdfTeX
\Fld@listcount=\count350
\c@bookmark@seq@number=\count351

(/home/runner/texlive/2025/texmf-dist/tex/latex/rerunfilecheck/rerunfilecheck.s
ty
Package: rerunfilecheck 2025-06-21 v1.11 Rerun checks for auxiliary files (HO)

(/home/runner/texlive/2025/texmf-dist/tex/generic/uniquecounter/uniquecounter.s
ty
Package: uniquecounter 2019/12/15 v1.4 Provide unlimited unique counter (HO)
)
Package uniquecounter Info: New unique counter `rerunfilecheck' on input line 2
84.
)
\Hy@SectionHShift=\skip68
) (/home/runner/texlive/2025/texmf-dist/tex/latex/lastpage/lastpage.sty
Package: lastpage 2025/08/14 v2.1h lastpage: 2.09 or 2e? (HMM)

(/home/runner/texlive/2025/texmf-dist/tex/latex/lastpage/lastpage2e.sty
Package: lastpage2e 2025/08/14 v2.1h Decide which 2e lastpage version to use (H
MM)

(/home/runner/texlive/2025/texmf-dist/tex/latex/lastpage/lastpagemodern.sty
Package: lastpagemodern 2025-08-14 v2.1h Refers to last page's name (HMM; JPG)
\c@lastpagecount=\count352
) 
)) (/home/runner/texlive/2025/texmf-dist/tex/latex/minted/minted.sty
Package: minted 2025/05/14 v3.7.0 Yet another Pygments shim for LaTeX

(/home/runner/texlive/2025/texmf-dist/tex/generic/catchfile/catchfile.sty
Package: catchfile 2019/12/09 v1.8 Catch the contents of a file (HO)

(/home/runner/texlive/2025/texmf-dist/tex/generic/etexcmds/etexcmds.sty
Package: etexcmds 2019/12/15 v1.7 Avoid name clashes with e-TeX commands (HO)
))
(/home/runner/texlive/2025/texmf-dist/tex/latex/fvextra/fvextra.sty
Package: fvextra 2025/05/29 v1.13.2 fvextra - extensions and patches for fancyv
rb

(/home/runner/texlive/2025/texmf-dist/tex/latex/fancyvrb/fancyvrb.sty
Package: fancyvrb 2025/07/28 4.6 verbatim text (tvz,hv)
\FV@CodeLineNo=\count353
\FV@InFile=\read4
\FV@TabBox=\box81
\c@FancyVerbLine=\count354
\FV@StepNumber=\count355
\FV@OutFile=\write4
)
(/home/runner/texlive/2025/texmf-dist/tex/latex/upquote/upquote.sty
Package: upquote 2012/04/19 v1.3 upright-quote and grave-accent glyphs in verba
tim
)
(/home/runner/texlive/2025/texmf-dist/tex/latex/lineno/lineno.sty
Package: lineno 2025/05/13 line numbers on paragraphs v5.5
\linenopenalty=\count356
\output=\toks41
\linenoprevgraf=\count357
\linenumbersep=\dimen299
\linenumberwidth=\dimen300
\c@linenumber=\count358
\c@pagewiselinenumber=\count359
\c@LN@truepage=\count360
\c@internallinenumber=\count361
\c@internallinenumbers=\count362
\quotelinenumbersep=\dimen301
\bframerule=\dimen302
\bframesep=\dimen303
\bframebox=\box82
\@LN@amsmath@ams@eqpen=\count363
)
\c@FancyVerbWriteLine=\count364
\c@FancyVerbBufferLine=\count365
\c@FV@TrueTabGroupLevel=\count366
\c@FV@TrueTabCounter=\count367
\FV@TabBox@Group=\box83
\FV@bgcolorstructbox=\box84
\FV@TmpLength=\skip69
\c@FV@HighlightLinesStart=\count368
\c@FV@HighlightLinesStop=\count369
\FV@LoopCount=\count370
\FV@NCharsBox=\box85
\FV@BreakIndent=\dimen304
\FV@BreakIndentNChars=\count371
\FV@BreakSymbolSepLeft=\dimen305
\FV@BreakSymbolSepLeftNChars=\count372
\FV@BreakSymbolSepRight=\dimen306
\FV@BreakSymbolSepRightNChars=\count373
\FV@BreakSymbolIndentLeft=\dimen307
\FV@BreakSymbolIndentLeftNChars=\count374
\FV@BreakSymbolIndentRight=\dimen308
\FV@BreakSymbolIndentRightNChars=\count375
\c@FancyVerbLineBreakLast=\count376
\FV@LineBox=\box86
\FV@LineIndentBox=\box87
\c@FV@BreakBufferDepth=\count377
\FV@LineWidth=\dimen309
)
(/home/runner/texlive/2025/texmf-dist/tex/latex/latex2pydata/latex2pydata.sty
Package: latex2pydata 2025/03/26 v0.6.0 latex2pydata - write data to file in Py
thon literal format
)
(/home/runner/texlive/2025/texmf-dist/tex/latex/pgfopts/pgfopts.sty
Package: pgfopts 2014/07/10 v2.1a LaTeX package options with pgfkeys
\pgfopts@list@add@a@toks=\toks42
\pgfopts@list@add@b@toks=\toks43
)
(/home/runner/texlive/2025/texmf-dist/tex/latex/tools/shellesc.sty
Package: shellesc 2023/07/08 v1.0d unified shell escape interface for LaTeX
Package shellesc Info: Unrestricted shell escape enabled on input line 75.
)
(/home/runner/texlive/2025/texmf-dist/tex/latex/float/float.sty
Package: float 2001/11/08 v1.3d Float enhancements (AL)
\c@float@type=\count378
\float@exts=\toks44
\float@box=\box88
\@float@everytoks=\toks45
\@floatcapt=\box89
)
\c@minted@FancyVerbLineTemp=\count379
\@float@every@listing=\toks46
\c@listing=\count380
)
(/home/runner/texlive/2025/texmf-dist/tex/latex/setspace/setspace.sty
Package: setspace 2022/12/04 v6.7b set line spacing
)
(/home/runner/texlive/2025/texmf-dist/tex/latex/caption/subcaption.sty
Package: subcaption 2023/07/28 v1.6b Sub-captions (AR)

(/home/runner/texlive/2025/texmf-dist/tex/latex/caption/caption.sty
Package: caption 2023/08/05 v3.6o Customizing captions (AR)

(/home/runner/texlive/2025/texmf-dist/tex/latex/caption/caption3.sty
Package: caption3 2023/07/31 v2.4d caption3 kernel (AR)
\caption@tempdima=\dimen310
\captionmargin=\dimen311
\caption@leftmargin=\dimen312
\caption@rightmargin=\dimen313
\caption@width=\dimen314
\caption@indent=\dimen315
\caption@parindent=\dimen316
\caption@hangindent=\dimen317
Package caption Info: Standard document class detected.
)
\c@caption@flags=\count381
\c@continuedfloat=\count382
Package caption Info: float package is loaded.
Package caption Info: hyperref package is loaded.
Package caption Info: listings package is loaded.
)
Package caption Info: New subtype `subfigure' on input line 238.
\c@subfigure=\count383
Package caption Info: New subtype `subtable' on input line 238.
\c@subtable=\count384
)
(/home/runner/texlive/2025/texmf-dist/tex/latex/tools/tabularx.sty
Package: tabularx 2023/12/11 v2.12a `tabularx' package (DPC)

(/home/runner/texlive/2025/texmf-dist/tex/latex/tools/array.sty
Package: array 2025/09/25 v2.6n Tabular extension package (FMi)
\col@sep=\dimen318
\ar@mcellbox=\box90
\extrarowheight=\dimen319
\NC@list=\toks47
\extratabsurround=\skip70
\backup@length=\skip71
\ar@cellbox=\box91
)
\TX@col@width=\dimen320
\TX@old@table=\dimen321
\TX@old@col=\dimen322
\TX@target=\dimen323
\TX@delta=\dimen324
\TX@cols=\count385
\TX@ftn=\toks48
)
(/home/runner/texlive/2025/texmf-dist/tex/latex/l3packages/xparse/xparse.sty
(/home/runner/texlive/2025/texmf-dist/tex/latex/l3kernel/expl3.sty
Package: expl3 2026-01-10 L3 programming layer (loader) 

(/home/runner/texlive/2025/texmf-dist/tex/latex/l3backend/l3backend-pdftex.def
File: l3backend-pdftex.def 2025-10-09 L3 backend support: PDF output (pdfTeX)
\l__color_backend_stack_int=\count386
))
Package: xparse 2025-10-09 L3 Experimental document command parser
) (/home/runner/texlive/2025/texmf-dist/tex/latex/circuitikz/circuitikz.sty
Package: circuitikz 2026/01/07{} The CircuiTikz circuit drawing package version
 1.8.4

(/home/runner/texlive/2025/texmf-dist/tex/generic/pgf/frontendlayer/tikz/librar
ies/tikzlibrarycalc.code.tex
File: tikzlibrarycalc.code.tex 2025-08-29 v3.1.11a (3.1.11a)
)
(/home/runner/texlive/2025/texmf-dist/tex/generic/pgf/libraries/pgflibraryarrow
s.meta.code.tex
File: pgflibraryarrows.meta.code.tex 2025-08-29 v3.1.11a (3.1.11a)
\pgfarrowinset=\dimen325
\pgfarrowlength=\dimen326
\pgfarrowwidth=\dimen327
\pgfarrowlinewidth=\dimen328
)
(/home/runner/texlive/2025/texmf-dist/tex/generic/pgf/frontendlayer/tikz/librar
ies/tikzlibrarybending.code.tex
File: tikzlibrarybending.code.tex 2025-08-29 v3.1.11a (3.1.11a)

(/home/runner/texlive/2025/texmf-dist/tex/generic/pgf/modules/pgfmodulebending.
code.tex
File: pgfmodulebending.code.tex 2025-08-29 v3.1.11a (3.1.11a)

(/home/runner/texlive/2025/texmf-dist/tex/generic/pgf/modules/pgfmodulenonlinea
rtransformations.code.tex
File: pgfmodulenonlineartransformations.code.tex 2025-08-29 v3.1.11a (3.1.11a)
\pgftransformnonlinearflatness=\dimen329
)
(/home/runner/texlive/2025/texmf-dist/tex/generic/pgf/libraries/pgflibrarycurvi
linear.code.tex
File: pgflibrarycurvilinear.code.tex 2025-08-29 v3.1.11a (3.1.11a)
\pgf@curvilinear@time@a=\dimen330
\pgf@curvilinear@length@a=\dimen331
\pgf@curvilinear@length@b=\dimen332
\pgf@curvilinear@length@c=\dimen333
\pgf@curvilinear@length@d=\dimen334
)
\pgf@arrows@the@rigidity=\dimen335
))
(/home/runner/texlive/2025/texmf-dist/tex/generic/pgf/frontendlayer/tikz/librar
ies/tikzlibraryfpu.code.tex
(/home/runner/texlive/2025/texmf-dist/tex/generic/pgf/libraries/pgflibraryfpu.c
ode.tex))
(/home/runner/texlive/2025/texmf-dist/tex/generic/circuitikz/pgfcirc.defines.te
x
\pgf@circ@count@a=\count387
\pgf@circ@count@b=\count388
\pgf@circ@count@c=\count389
\pgf@circ@res@up=\dimen336
\pgf@circ@res@down=\dimen337
\pgf@circ@res@zero=\dimen338
\pgf@circ@res@left=\dimen339
\pgf@circ@res@right=\dimen340
\pgf@circ@res@other=\dimen341
\pgf@circ@res@step=\dimen342
\pgf@circ@res@temp=\dimen343
\pgf@circ@Rlen=\dimen344
\pgf@circ@scaled@Rlen=\dimen345
\pgfstartlinewidth=\dimen346
)
(/home/runner/texlive/2025/texmf-dist/tex/generic/circuitikz/pgfcircutils.tex
\ctikz@scratchbox=\box92
)
(/home/runner/texlive/2025/texmf-dist/tex/generic/circuitikz/pgfcircpath.tex)
(/home/runner/texlive/2025/texmf-dist/tex/generic/circuitikz/pgfcircshapes.tex)

(/home/runner/texlive/2025/texmf-dist/tex/generic/circuitikz/pgfcircmonopoles.t
ex)
(/home/runner/texlive/2025/texmf-dist/tex/generic/circuitikz/pgfcircbipoles.tex
)
(/home/runner/texlive/2025/texmf-dist/tex/generic/circuitikz/pgfcirctripoles.te
x
\pgf@circ@res@count=\count390
)
(/home/runner/texlive/2025/texmf-dist/tex/generic/circuitikz/pgfcircquadpoles.t
ex)
(/home/runner/texlive/2025/texmf-dist/tex/generic/circuitikz/pgfcircmultipoles.
tex)
(/home/runner/texlive/2025/texmf-dist/tex/generic/circuitikz/pgfcirclabel.tex)
(/home/runner/texlive/2025/texmf-dist/tex/generic/circuitikz/pgfcircvoltage.tex
\pgfcirc@labelshift=\dimen347
)
(/home/runner/texlive/2025/texmf-dist/tex/generic/circuitikz/pgfcirccurrent.tex
) (/home/runner/texlive/2025/texmf-dist/tex/generic/circuitikz/pgfcircflow.tex)
(/home/runner/texlive/2025/texmf-dist/tex/generic/xstring/xstring.sty
(/home/runner/texlive/2025/texmf-dist/tex/generic/xstring/xstring.tex
\xs_counta=\count391
\xs_countb=\count392
)
Package: xstring 2023/08/22 v1.86 String manipulations (CT)
)
(/home/runner/texlive/2025/texmf-dist/tex/latex/siunitx/siunitx.sty
Package: siunitx 2025-07-09 v3.4.14 A comprehensive (SI) units package
\l__siunitx_number_uncert_offset_int=\count393
\l__siunitx_number_exponent_fixed_int=\count394
\l__siunitx_number_min_decimal_int=\count395
\l__siunitx_number_min_integer_int=\count396
\l__siunitx_number_round_precision_int=\count397
\l__siunitx_number_lower_threshold_int=\count398
\l__siunitx_number_upper_threshold_int=\count399
\l__siunitx_number_group_first_int=\count400
\l__siunitx_number_group_size_int=\count401
\l__siunitx_number_group_minimum_int=\count402
\l__siunitx_angle_tmp_dim=\dimen348
\l__siunitx_angle_marker_box=\box93
\l__siunitx_angle_unit_box=\box94
\l__siunitx_compound_count_int=\count403

(/home/runner/texlive/2025/texmf-dist/tex/latex/translations/translations.sty
Package: translations 2022/02/05 v1.12 internationalization of LaTeX2e packages
 (CN)
)
\l__siunitx_table_tmp_box=\box95
\l__siunitx_table_tmp_dim=\dimen349
\l__siunitx_table_column_width_dim=\dimen350
\l__siunitx_table_integer_box=\box96
\l__siunitx_table_decimal_box=\box97
\l__siunitx_table_uncert_box=\box98
\l__siunitx_table_before_box=\box99
\l__siunitx_table_after_box=\box100
\l__siunitx_table_before_dim=\dimen351
\l__siunitx_table_carry_dim=\dimen352
\l__siunitx_unit_tmp_int=\count404
\l__siunitx_unit_position_int=\count405
\l__siunitx_unit_total_int=\count406
)) (/home/runner/texlive/2025/texmf-dist/tex/latex/colortbl/colortbl.sty
Package: colortbl 2024/10/29 v1.0k Color table columns (DPC)
\everycr=\toks49
\minrowclearance=\skip72
\rownum=\count407
)
(/home/runner/texlive/2025/texmf-dist/tex/latex/pdflscape/pdflscape.sty
Package: pdflscape 2025-06-23 v0.14 Display of landscape pages in PDF

(/home/runner/texlive/2025/texmf-dist/tex/latex/pdflscape/pdflscape-nometadata.
sty
Package: pdflscape-nometadata 2025-06-23 v0.14 Display of landscape pages in PD
F (HO)
 (/home/runner/texlive/2025/texmf-dist/tex/latex/graphics/lscape.sty
Package: lscape 2020/05/28 v3.02 Landscape Pages (DPC)
)
Package pdflscape Info: Auto-detected driver: pdftex on input line 81.
))
(/home/runner/texlive/2025/texmf-dist/tex/latex/pgfplots/pgfplots.sty
(/home/runner/texlive/2025/texmf-dist/tex/generic/pgfplots/pgfplots.revision.te
x)
Package: pgfplots 2025/08/14 v1.18.2 Data Visualization (1.18.2)
 (/home/runner/texlive/2025/texmf-dist/tex/generic/pgfplots/pgfplots.code.tex
(/home/runner/texlive/2025/texmf-dist/tex/generic/pgfplots/pgfplotscore.code.te
x
\t@pgfplots@toka=\toks50
\t@pgfplots@tokb=\toks51
\t@pgfplots@tokc=\toks52
\pgfplots@tmpa=\dimen353
\c@pgfplots@coordindex=\count408
\c@pgfplots@scanlineindex=\count409

(/home/runner/texlive/2025/texmf-dist/tex/generic/pgfplots/sys/pgfplotssysgener
ic.code.tex))
(/home/runner/texlive/2025/texmf-dist/tex/generic/pgfplots/libs/pgfplotslibrary
.code.tex)
(/home/runner/texlive/2025/texmf-dist/tex/generic/pgfplots/oldpgfcompatib/pgfpl
otsoldpgfsupp_loader.code.tex
(/home/runner/texlive/2025/texmf-dist/tex/generic/pgfplots/oldpgfcompatib/pgfpl
otsoldpgfsupp_pgfutil-common-lists.tex))
(/home/runner/texlive/2025/texmf-dist/tex/generic/pgfplots/util/pgfplotsutil.co
de.tex
(/home/runner/texlive/2025/texmf-dist/tex/generic/pgfplots/liststructure/pgfplo
tsliststructure.code.tex)
(/home/runner/texlive/2025/texmf-dist/tex/generic/pgfplots/liststructure/pgfplo
tsliststructureext.code.tex)
(/home/runner/texlive/2025/texmf-dist/tex/generic/pgfplots/liststructure/pgfplo
tsarray.code.tex
\c@pgfplotsarray@tmp=\count410
)
(/home/runner/texlive/2025/texmf-dist/tex/generic/pgfplots/liststructure/pgfplo
tsmatrix.code.tex)
(/home/runner/texlive/2025/texmf-dist/tex/generic/pgfplots/numtable/pgfplotstab
leshared.code.tex
\c@pgfplotstable@counta=\count411
\t@pgfplotstable@a=\toks53
)
(/home/runner/texlive/2025/texmf-dist/tex/generic/pgfplots/liststructure/pgfplo
tsdeque.code.tex)
(/home/runner/texlive/2025/texmf-dist/tex/generic/pgfplots/util/pgfplotsbinary.
code.tex
(/home/runner/texlive/2025/texmf-dist/tex/generic/pgfplots/util/pgfplotsbinary.
data.code.tex))
(/home/runner/texlive/2025/texmf-dist/tex/generic/pgfplots/util/pgfplotsutil.ve
rb.code.tex)
(/home/runner/texlive/2025/texmf-dist/tex/generic/pgfplots/libs/pgflibrarypgfpl
ots.surfshading.code.tex
\c@pgfplotslibrarysurf@no=\count412

(/home/runner/texlive/2025/texmf-dist/tex/generic/pgfplots/sys/pgflibrarypgfplo
ts.surfshading.pgfsys-pdftex.def)))
(/home/runner/texlive/2025/texmf-dist/tex/generic/pgfplots/util/pgfplotscolorma
p.code.tex
(/home/runner/texlive/2025/texmf-dist/tex/generic/pgfplots/util/pgfplotscolor.c
ode.tex))
(/home/runner/texlive/2025/texmf-dist/tex/generic/pgfplots/pgfplotsstackedplots
.code.tex)
(/home/runner/texlive/2025/texmf-dist/tex/generic/pgfplots/pgfplotsplothandlers
.code.tex
(/home/runner/texlive/2025/texmf-dist/tex/generic/pgfplots/pgfplotsmeshplothand
ler.code.tex
(/home/runner/texlive/2025/texmf-dist/tex/generic/pgfplots/pgfplotsmeshplotimag
e.code.tex)))
(/home/runner/texlive/2025/texmf-dist/tex/generic/pgfplots/pgfplots.scaling.cod
e.tex)
(/home/runner/texlive/2025/texmf-dist/tex/generic/pgfplots/pgfplotscoordprocess
ing.code.tex)
(/home/runner/texlive/2025/texmf-dist/tex/generic/pgfplots/pgfplots.errorbars.c
ode.tex)
(/home/runner/texlive/2025/texmf-dist/tex/generic/pgfplots/pgfplots.markers.cod
e.tex)
(/home/runner/texlive/2025/texmf-dist/tex/generic/pgfplots/pgfplotsticks.code.t
ex)
(/home/runner/texlive/2025/texmf-dist/tex/generic/pgfplots/pgfplots.paths.code.
tex)
(/home/runner/texlive/2025/texmf-dist/tex/generic/pgf/frontendlayer/tikz/librar
ies/tikzlibrarydecorations.code.tex
(/home/runner/texlive/2025/texmf-dist/tex/generic/pgf/modules/pgfmoduledecorati
ons.code.tex
\pgfdecoratedcompleteddistance=\dimen354
\pgfdecoratedremainingdistance=\dimen355
\pgfdecoratedinputsegmentcompleteddistance=\dimen356
\pgfdecoratedinputsegmentremainingdistance=\dimen357
\pgf@decorate@distancetomove=\dimen358
\pgf@decorate@repeatstate=\count413
\pgfdecorationsegmentamplitude=\dimen359
\pgfdecorationsegmentlength=\dimen360
)
\tikz@lib@dec@box=\box101
)
(/home/runner/texlive/2025/texmf-dist/tex/generic/pgf/frontendlayer/tikz/librar
ies/tikzlibrarydecorations.pathmorphing.code.tex
(/home/runner/texlive/2025/texmf-dist/tex/generic/pgf/libraries/decorations/pgf
librarydecorations.pathmorphing.code.tex))
(/home/runner/texlive/2025/texmf-dist/tex/generic/pgf/frontendlayer/tikz/librar
ies/tikzlibrarydecorations.pathreplacing.code.tex
(/home/runner/texlive/2025/texmf-dist/tex/generic/pgf/libraries/decorations/pgf
librarydecorations.pathreplacing.code.tex))
(/home/runner/texlive/2025/texmf-dist/tex/generic/pgfplots/libs/tikzlibrarypgfp
lots.contourlua.code.tex)
\pgfplots@numplots=\count414
\pgfplots@xmin@reg=\dimen361
\pgfplots@xmax@reg=\dimen362
\pgfplots@ymin@reg=\dimen363
\pgfplots@ymax@reg=\dimen364
\pgfplots@zmin@reg=\dimen365
\pgfplots@zmax@reg=\dimen366
)
(/home/runner/texlive/2025/texmf-dist/tex/generic/pgf/frontendlayer/tikz/librar
ies/tikzlibraryplotmarks.code.tex
File: tikzlibraryplotmarks.code.tex 2025-08-29 v3.1.11a (3.1.11a)

(/home/runner/texlive/2025/texmf-dist/tex/generic/pgf/libraries/pgflibraryplotm
arks.code.tex
File: pgflibraryplotmarks.code.tex 2025-08-29 v3.1.11a (3.1.11a)
))) (/home/runner/texlive/2025/texmf-dist/tex/latex/xurl/xurl.sty
Package: xurl 2022/01/09 v 0.10 modify URL breaks
)
(/home/runner/texlive/2025/texmf-dist/tex/generic/pgf/frontendlayer/tikz/librar
ies/tikzlibraryangles.code.tex
File: tikzlibraryangles.code.tex 2025-08-29 v3.1.11a (3.1.11a)
)
(/home/runner/texlive/2025/texmf-dist/tex/generic/pgf/frontendlayer/tikz/librar
ies/tikzlibraryquotes.code.tex
File: tikzlibraryquotes.code.tex 2025-08-29 v3.1.11a (3.1.11a)
)
(/home/runner/texlive/2025/texmf-dist/tex/generic/pgf/frontendlayer/tikz/librar
ies/tikzlibraryshapes.symbols.code.tex
File: tikzlibraryshapes.symbols.code.tex 2025-08-29 v3.1.11a (3.1.11a)

(/home/runner/texlive/2025/texmf-dist/tex/generic/pgf/libraries/shapes/pgflibra
ryshapes.symbols.code.tex
File: pgflibraryshapes.symbols.code.tex 2025-08-29 v3.1.11a (3.1.11a)
)) (./timline.tex
(/home/runner/texlive/2025/texmf-dist/tex/latex/pgf/utilities/pgfcalendar.sty
(/home/runner/texlive/2025/texmf-dist/tex/generic/pgf/utilities/pgfcalendar.cod
e.tex
File: pgfcalendar.code.tex 2025-08-29 v3.1.11a (3.1.11a)
\pgfcalendarcurrentjulian=\count415
\pgf@cal@easter@Y=\count416
\pgf@cal@easter@G=\count417
\pgf@cal@easter@C=\count418
\pgf@cal@easter@X=\count419
\pgf@cal@easter@Z=\count420
\pgf@cal@easter@D=\count421
\pgf@cal@easter@E=\count422
\pgf@cal@easter@N=\count423
\pgf@cal@easter@M=\count424
\pgf@cal@easter@julianday=\count425
))
\julianday=\count426
\myweekday=\count427
) (./icons.tex)
\c@exercise=\count428
)
Package translations Info: No language package found. I am going to use `englis
h' as default language. on input line 14.
 (build/Homeworks/LabVIEW3.aux)
\openout1 = `LabVIEW3.aux'.

LaTeX Font Info:    Checking defaults for OML/cmm/m/it on input line 14.
LaTeX Font Info:    ... okay on input line 14.
LaTeX Font Info:    Checking defaults for OMS/cmsy/m/n on input line 14.
LaTeX Font Info:    ... okay on input line 14.
LaTeX Font Info:    Checking defaults for OT1/cmr/m/n on input line 14.
LaTeX Font Info:    ... okay on input line 14.
LaTeX Font Info:    Checking defaults for T1/cmr/m/n on input line 14.
LaTeX Font Info:    ... okay on input line 14.
LaTeX Font Info:    Checking defaults for TS1/cmr/m/n on input line 14.
LaTeX Font Info:    ... okay on input line 14.
LaTeX Font Info:    Checking defaults for OMX/cmex/m/n on input line 14.
LaTeX Font Info:    ... okay on input line 14.
LaTeX Font Info:    Checking defaults for U/cmr/m/n on input line 14.
LaTeX Font Info:    ... okay on input line 14.
LaTeX Font Info:    Checking defaults for PD1/pdf/m/n on input line 14.
LaTeX Font Info:    ... okay on input line 14.
LaTeX Font Info:    Checking defaults for PU/pdf/m/n on input line 14.
LaTeX Font Info:    ... okay on input line 14.

*geometry* driver: auto-detecting
*geometry* detected driver: pdftex
*geometry* verbose mode - [ preamble ] result:
* driver: pdftex
* paper: letterpaper
* layout: <same size as paper>
* layoutoffset:(h,v)=(0.0pt,0.0pt)
* modes: 
* h-part:(L,W,R)=(36.135pt, 542.02501pt, 36.135pt)
* v-part:(T,H,B)=(36.135pt, 686.565pt, 72.26999pt)
* \paperwidth=614.295pt
* \paperheight=794.96999pt
* \textwidth=542.02501pt
* \textheight=686.565pt
* \oddsidemargin=-36.135pt
* \evensidemargin=-36.135pt
* \topmargin=-73.135pt
* \headheight=12.0pt
* \headsep=25.0pt
* \topskip=11.0pt
* \footskip=30.0pt
* \marginparwidth=59.0pt
* \marginparsep=10.0pt
* \columnsep=10.0pt
* \skip\footins=10.0pt plus 4.0pt minus 2.0pt
* \hoffset=0.0pt
* \voffset=0.0pt
* \mag=1000
* \@twocolumnfalse
* \@twosidefalse
* \@mparswitchfalse
* \@reversemarginfalse
* (1in=72.27pt=25.4mm, 1cm=28.453pt)

(/home/runner/texlive/2025/texmf-dist/tex/context/base/mkii/supp-pdf.mkii
[Loading MPS to PDF converter (version 2006.09.02).]
\scratchcounter=\count429
\scratchdimen=\dimen367
\scratchbox=\box102
\nofMPsegments=\count430
\nofMParguments=\count431
\everyMPshowfont=\toks54
\MPscratchCnt=\count432
\MPscratchDim=\dimen368
\MPnumerator=\count433
\makeMPintoPDFobject=\count434
\everyMPtoPDFconversion=\toks55
)
(/home/runner/texlive/2025/texmf-dist/tex/latex/epstopdf-pkg/epstopdf-base.sty
Package: epstopdf-base 2020-01-24 v2.11 Base part for package epstopdf
Package epstopdf-base Info: Redefining graphics rule for `.eps' on input line 4
85.

(/home/runner/texlive/2025/texmf-dist/tex/latex/latexconfig/epstopdf-sys.cfg
File: epstopdf-sys.cfg 2010/07/13 v1.3 Configuration of (r)epstopdf for TeX Liv
e
))
(/home/runner/texlive/2025/texmf-dist/tex/latex/base/textcomp.sty
Package: textcomp 2024/04/24 v2.1b Standard LaTeX package
)
\c@lstlisting=\count435

(/home/runner/texlive/2025/texmf-dist/tex/latex/base/inputenc.sty
Package: inputenc 2024/02/08 v1.3d Input encoding file
\inpenc@prehook=\toks56
\inpenc@posthook=\toks57
)
Package hyperref Info: Link coloring ON on input line 14.

(build/Homeworks/LabVIEW3.out) (build/Homeworks/LabVIEW3.out)
\@outlinefile=\write5
\openout5 = `LabVIEW3.out'.

Package caption Info: Begin \AtBeginDocument code.
Package caption Info: End \AtBeginDocument code.

(/home/runner/texlive/2025/texmf-dist/tex/latex/translations/translations-basic
-dictionary-english.trsl
File: translations-basic-dictionary-english.trsl (english translation file `tra
nslations-basic-dictionary')
)
Package translations Info: loading dictionary `translations-basic-dictionary' f
or `english'. on input line 14.

Package pgfplots notification 'compat/show suggested version=true': document ha
s been generated with the most recent feature set (\pgfplotsset{compat=1.18}).

<Homeworks/Figures/LabVIEW3/Picture1.png, id=48, 1313.90875pt x 570.13pt>
File: Homeworks/Figures/LabVIEW3/Picture1.png Graphic file (type png)
<use Homeworks/Figures/LabVIEW3/Picture1.png>
Package pdftex.def Info: Homeworks/Figures/LabVIEW3/Picture1.png  used on input
 line 30.
(pdftex.def)             Requested size: 542.02501pt x 235.19893pt.
<Homeworks/Figures/LabVIEW3/Picture2.png, id=49, 1357.07pt x 719.68875pt>
File: Homeworks/Figures/LabVIEW3/Picture2.png Graphic file (type png)
<use Homeworks/Figures/LabVIEW3/Picture2.png>
Package pdftex.def Info: Homeworks/Figures/LabVIEW3/Picture2.png  used on input
 line 35.
(pdftex.def)             Requested size: 542.02501pt x 287.44212pt.
[1

{/home/runner/texlive/2025/texmf-var/fonts/map/pdftex/updmap/pdftex.map} <./Hom
eworks/Figures/LabVIEW3/Picture1.png>]
<Homeworks/Figures/LabVIEW3/Picture3.png, id=63, 363.3575pt x 595.22375pt>
File: Homeworks/Figures/LabVIEW3/Picture3.png Graphic file (type png)
<use Homeworks/Figures/LabVIEW3/Picture3.png>
Package pdftex.def Info: Homeworks/Figures/LabVIEW3/Picture3.png  used on input
 line 47.
(pdftex.def)             Requested size: 262.88245pt x 430.64064pt.
<Homeworks/Figures/LabVIEW3/Picture4.png, id=64, 357.335pt x 593.21625pt>
File: Homeworks/Figures/LabVIEW3/Picture4.png Graphic file (type png)
<use Homeworks/Figures/LabVIEW3/Picture4.png>
Package pdftex.def Info: Homeworks/Figures/LabVIEW3/Picture4.png  used on input
 line 52.
(pdftex.def)             Requested size: 262.88245pt x 436.43866pt.
 [2 <./Homeworks/Figures/LabVIEW3/Picture2.png>]
Overfull \hbox (2.37315pt too wide) in paragraph at lines 56--57
[]\OT1/cmr/m/n/10.95 In your project win-dow, right-click on the \My Com-puter"
 un-der your project name and se-lect New$\OMS/cmsy/m/n/10.95 !$\OT1/cmr/m/n/10
.95 Variable.
 []

[3 <./Homeworks/Figures/LabVIEW3/Picture3.png> <./Homeworks/Figures/LabVIEW3/Pi
cture4.png>] [4] 
enddocument/afterlastpage (AED): lastpage setting LastPage.
runsystem(latexminted cleantemp  --timestamp 20260131074318Z D14345C2E4766CDB75
5FF506233E7FD3)...executed.

(build/Homeworks/LabVIEW3.aux)
 ***********
LaTeX2e <2025-11-01>
L3 programming layer <2026-01-10>
 ***********
Package rerunfilecheck Info: File `LabVIEW3.out' has not changed.
(rerunfilecheck)             Checksum: A5FF1367493A89547EACE1304C374873;97.
 ) 
Here is how much of TeX's memory you used:
 66180 strings out of 469470
 1738297 string characters out of 5468160
 2655485 words of memory out of 5000000
 94066 multiletter control sequences out of 15000+600000
 632215 words of font info for 56 fonts, out of 8000000 for 9000
 36 hyphenation exceptions out of 8191
 121i,12n,124p,1051b,1242s stack positions out of 10000i,1000n,20000p,200000b,200000s
</home/runner/texlive/2025/texmf-dist/fonts/type1/public/amsfonts/cm/cmbx10.p
fb></home/runner/texlive/2025/texmf-dist/fonts/type1/public/amsfonts/cm/cmbx12.
pfb></home/runner/texlive/2025/texmf-dist/fonts/type1/public/amsfonts/cm/cmr10.
pfb></home/runner/texlive/2025/texmf-dist/fonts/type1/public/amsfonts/cm/cmsy10
.pfb></home/runner/texlive/2025/texmf-dist/fonts/type1/public/amsfonts/cm/cmtt1
0.pfb>
Output written on build/Homeworks/LabVIEW3.pdf (4 pages, 272591 bytes).
PDF statistics:
 127 PDF objects out of 1000 (max. 8388607)
 82 compressed objects within 1 object stream
 25 named destinations out of 1000 (max. 500000)
 185 words of extra memory for PDF output out of 10000 (max. 10000000)

